!_TAG_FILE_FORMAT	2	/extended format; --format=1 will not append ;" to lines/
!_TAG_FILE_SORTED	1	/0=unsorted, 1=sorted, 2=foldcase/
!_TAG_PROGRAM_NAME		CCTree (Vim plugin)//
!_TAG_PROGRAM_URL	http://vim.sourceforge.net/scripts/script.php?script_id=2368	/site/
0#example.c		/^$/;"	c:–¡¬4	p:
1#stdio.h		/^$/;"	c:	p:‹¨
10#strcmp		/^$/;"	c:§·˜îÇ,í,˜¼,˜½,˜¾,˜¿,˜ì,™’,—	p:î¢,¤,—
100#fclose		/^$/;"	c:	p:£,Ÿ,›3
1000#_IO_putc_unlocked		/^$/;"	c:³,¹	p:¤Ø¤ã¤î¥7
1001#getline		/^$/;"	c:—	p:
1002#__getdelim		/^$/;"	c:	p:—
1003#feof_unlocked		/^$/;"	c:—	p:
1004#_IO_feof_unlocked		/^$/;"	c:	p:—
1005#ferror_unlocked		/^$/;"	c:—’	p:
1006#_IO_ferror_unlocked		/^$/;"	c:	p:—‘
1007#fread_unlocked		/^$/;"	c:§·˜îøî—“	p:—“
1009#__sprintf_chk		/^$/;"	c:š–——,—˜,—™	p:
101#strchr		/^$/;"	c:§·˜î˜˜,˜Å,˜Æ,˜ö,—1	p:Ÿ,˜¸,­Í­ã—–™ 
1010#__builtin___sprintf_chk		/^$/;"	c:	p:—•,—š
1011#__bos		/^$/;"	c:ŸÆ	p:—•,—š,—›,—,Æ,—Ÿ,—´,—¸,—¿,—Ó,—×,—Û,—Ş,—á,˜,˜ª,ç,™¶,˜³,˜¸,›¢,›¥,›¨,›«,›®,›±,›´,›¸,›»,›¾,¤Ğ,¤Ò,¤Ô,¤×,¤Û,¤İ,¤ß,¤á,¤â,¤é,¤ì,¤ğ,¤ó,¤ö,¥Œ,¥
1012#__va_arg_pack		/^$/;"	c:Ÿá	p:—•,—,œ,™,—¦,—ª,—«,—­,¤ß,£¤,££
1013#sprintf		/^$/;"	c:——,—˜	p:
1014#vsprintf		/^$/;"	c:—œ,—˜	p:
1015#__builtin___vsprintf_chk		/^$/;"	c:	p:—›
1016#__snprintf_chk		/^$/;"	c:š–—,—˜,—™	p:
1017#__builtin___snprintf_chk		/^$/;"	c:	p:—,Æ
1018#vsnprintf		/^$/;"	c:— ,—˜	p:
1019#__builtin___vsnprintf_chk		/^$/;"	c:	p:—Ÿ
1020#__fprintf_chk		/^$/;"	c:	p:œ
1021#__printf_chk		/^$/;"	c:	p:™
1022#__vfprintf_chk		/^$/;"	c:	p:¢î¢8
1023#__vprintf_chk		/^$/;"	c:	p:¢9
1024#__dprintf_chk		/^$/;"	c:˜‹£‹—¦,—™	p:—¦,—§
1025#dprintf		/^$/;"	c:—¦	p:
1026#vdprintf		/^$/;"	c:—©	p:
1027#__vdprintf_chk		/^$/;"	c:	p:—¨
1028#__asprintf_chk		/^$/;"	c:˜‹£‹š–—ª,—™	p:—ª,—«,—¯
1029#__asprintf		/^$/;"	c:—ª,—™	p:
103#/usr/include/ctype.h		/^$/;"	c:—Â—Í—Ø›0	p:
1030#obstack_printf		/^$/;"	c:—®,—™	p:
1031#__obstack_printf_chk		/^$/;"	c:	p:—­
1032#asprintf		/^$/;"	c:—ª	p:
1033#vasprintf		/^$/;"	c:—±	p:
1034#__vasprintf_chk		/^$/;"	c:	p:—°
1035#obstack_vprintf		/^$/;"	c:—³	p:
1036#__obstack_vprintf_chk		/^$/;"	c:	p:—²
1037#__gets_chk		/^$/;"	c:¢¬—µ,—˜,—´,—¶	p:—´
1038#__warnattr		/^$/;"	c:˜‹ŸÈ	p:—´,—¸,—»,—¿,—Ã,—Ó,—×,—Ş,—á,›—,›š,›¢,›¥,›¨,›«,›®,›±,›´,›¸,›»,›¾,Å,£¢,¤Æ,¤É,¤Ì,¤Ô,¤×,¤é,¤ì,¤ó,¤ö,¥Œ,¥
1039#__gets_warn		/^$/;"	c:	p:—´
1040#__fgets_chk		/^$/;"	c:¢¬—µ,—˜,˜î—¸,—¹,—º	p:—¸
1041#__fgets_chk_warn		/^$/;"	c:	p:—¸
1042#__fgets_alias		/^$/;"	c:	p:—¸
1043#__fread_chk		/^$/;"	c:¢¬—µ,—¼,˜î—»,—½,—¾	p:—»
1044#__bos0		/^$/;"	c:ŸÆ	p:—»,—Ã,™§,İ,˜õ,ì,™±,™²,›—,›š,½¬› ,£¢,¤Æ,¤É,¤Ì
1045#__fread_chk_warn		/^$/;"	c:	p:—»
1046#__fread_alias		/^$/;"	c:	p:—»
1047#__fgets_unlocked_chk		/^$/;"	c:¢¬—µ,—˜,˜î—¿,—À,—Á	p:—¿
1048#__fgets_unlocked_chk_warn		/^$/;"	c:	p:—¿
1049#__fgets_unlocked_alias		/^$/;"	c:	p:—¿
105#features.h		/^$/;"	c:	p:—¬¶¬¹Íšï,›Ù,Ë,ä,,¥•,¥Ò
1050#__fread_unlocked_chk		/^$/;"	c:¢¬—µ,—¼,˜î—Ã,—Ä,øî—Å	p:—Ã
1051#__fread_unlocked_chk_warn		/^$/;"	c:	p:—Ã
1052#__fread_unlocked_alias		/^$/;"	c:	p:—Ã
106#bits/types.h		/^$/;"	c:	p:—¬¶¬¹Í˜è,Ë,,¥Ò
1062#atof		/^$/;"	c:—Ñ	p:
1063#strtod		/^$/;"	c:	p:—Ğ
1065#__LDBL_REDIR1_DECL		/^$/;"	c:£–—µ,š–—˜,—Ô,—Õ,—Ö,§ÂªãŸÌ	p:£¢
1066#__realpath_chk_warn		/^$/;"	c:	p:—Ó
1067#__realpath_chk		/^$/;"	c:	p:—Ó
1068#__realpath_alias		/^$/;"	c:	p:—Ó
1069#__ptsname_r_chk		/^$/;"	c:©î£–—µ,š–—˜,˜î—×,—Ù,—Ú	p:—×
107#endian.h		/^$/;"	c:	p:—¬¶¬˜è,›Ì,¥•,¥Ò
1070#__ptsname_r_chk_warn		/^$/;"	c:	p:—×
1071#__ptsname_r_alias		/^$/;"	c:	p:—×
1072#__wctomb_chk		/^$/;"	c:£–š–—˜,—Û,—İ	p:—Û
1074#__wctomb_alias		/^$/;"	c:	p:—Û
1075#__mbstowcs_chk		/^$/;"	c:£–—µ,š–—˜,˜î—Ş,—ß,—à	p:—Ş
1076#__mbstowcs_chk_warn		/^$/;"	c:	p:—Ş
1077#__mbstowcs_alias		/^$/;"	c:	p:—Ş
1078#__wcstombs_chk		/^$/;"	c:£–—µ,š–—˜,˜î—á,—â,—ä	p:—á
1079#__wcstombs_chk_warn		/^$/;"	c:	p:—á
1080#__wcstombs_alias		/^$/;"	c:	p:—á
1084#__STRING_SMALL_GET16		/^$/;"	c:	p:˜Ÿ,˜¤
1085#__STRING_SMALL_GET32		/^$/;"	c:	p:˜Ÿ,˜¤
1087#__memcpy_c		/^$/;"	c:—í,—ï,—ì	p:Ñ
1088#__memcpy_g		/^$/;"	c:	p:Ñ,—ë
1089#__memcpy_by4		/^$/;"	c:	p:—ë
109#__ctype_b_loc		/^$/;"	c:˜‹˜Íš–š2	p:˜–˜2
1090#__memcpy_by2		/^$/;"	c:	p:—ë
1092#__memmove_g		/^$/;"	c:—ò	p:İ
1093#__asm__		/^$/;"	c:	p:—ñ,›í,›ó,¢¬£–ŸÎ,›è
1097#__memset_c1		/^$/;"	c:	p:ì
1098#__memset_gc		/^$/;"	c:˜,§4	p:ì
1099#__memset_ccn		/^$/;"	c:˜,˜,ì	p:ì
11#linenoiseSetMultiLine		/^$/;"	c:	p:9
110#__attribute__		/^$/;"	c:	p:—î›¬ª·®¬º‹õØ—¦,—ª,£,Ÿ±,œÆ,Ÿ²,š–ŸÇ,—µ,ŸÉ,ŸĞ,ŸÑ,ŸÒ,ŸÓ,ŸÔ,ŸÕ,ŸÖ,ŸÙ,©îŸÚ,ŸÜ,Ÿİ,ŸŞ,Ÿß,¥²,¥Á,¥Å,¥Ì
1100#__memset_gcn		/^$/;"	c:˜,˜‘,ì	p:ì
1101#__volatile__		/^$/;"	c:	p:—÷,á
1102#__memset_ccn_by4		/^$/;"	c:	p:—ø
1103#__memset_ccn_by2		/^$/;"	c:	p:—ø
1104#__memset_gcn_by4		/^$/;"	c:	p:˜Œ
1105#__memset_gcn_by2		/^$/;"	c:	p:˜Œ
1108#__memrchr		/^$/;"	c:	p:˜•
1109#memrchr		/^$/;"	c:˜”	p:
111#__isctype		/^$/;"	c:—9	p:™‹™–™¡™¬™·™Âï,™Í™Ø™ã™îš0
1111#__rawmemchr		/^$/;"	c:	p:˜™,—–˜È
1112#rawmemchr		/^$/;"	c:˜˜	p:
1114#__builtin_strlen		/^$/;"	c:	p:Ç
1115#__strlen_g		/^$/;"	c:	p:Ç
1117#strcpy		/^$/;"	c:§·˜îÇ,˜Ÿ,Ñ,˜ ,˜ì,˜÷,˜ø,˜,™³,—˜	p:˜
1118#__strcpy_a_small		/^$/;"	c:§·—è,—é	p:˜
1119#__strcpy_g		/^$/;"	c:	p:˜
112#__isctype_f		/^$/;"	c:˜¬—9	p:
1121#__stpcpy		/^$/;"	c:§·˜îÇ,˜¤,˜¥,˜¦,™Œ,˜ì,™,˜£,™,™	p:˜ª,˜£
1122#__stpcpy_a_small		/^$/;"	c:§·—è,—é	p:˜£
1123#__stpcpy_c		/^$/;"	c:˜§,˜¨,˜©	p:˜£
1124#__stpcpy_g		/^$/;"	c:	p:˜£
1125#__mempcpy_by4		/^$/;"	c:	p:˜¥
1126#__mempcpy_by2		/^$/;"	c:	p:˜¥
1127#__mempcpy_byn		/^$/;"	c:	p:˜¥
1128#stpcpy		/^$/;"	c:˜£,™´,—˜	p:
113#type		/^$/;"	c:	p:˜2
1130#__strncpy_cg		/^$/;"	c:˜¯,˜°,˜±	p:ç
1131#__strncpy_gg		/^$/;"	c:	p:ç
1132#__strncpy_by4		/^$/;"	c:ì	p:˜­
1133#__strncpy_by2		/^$/;"	c:ì	p:˜­
1134#__strncpy_byn		/^$/;"	c:ì	p:˜­
1136#strcat		/^$/;"	c:§·˜î˜´,Ç,˜µ,™¹,—˜	p:˜¸
1137#__strcat_c		/^$/;"	c:Ñ	p:˜³
1138#__strcat_g		/^$/;"	c:	p:˜³
114#__isascii		/^$/;"	c:	p:šÍœ9
1140#strncat		/^$/;"	c:§·˜îÇ,˜³,˜¹,—–˜º,˜¸,™‘,™º,—˜	p:˜¸
1141#__mempcpy		/^$/;"	c:˜ñ,§·˜î˜ì,˜ò,˜¹,˜ó,˜ô	p:˜¸,˜¹,˜õ
1142#__strncat_g		/^$/;"	c:	p:˜¸
1144#__strcmp_cc		/^$/;"	c:§4	p:—
1145#__strcmp_cg		/^$/;"	c:§4	p:—
1146#__strcmp_gc		/^$/;"	c:§4	p:—
1147#__strcmp_gg		/^$/;"	c:	p:—
1149#__strncmp_g		/^$/;"	c:	p:¤
115#__toascii		/^$/;"	c:	p:šØ0
1152#__strchr_c		/^$/;"	c:	p:—–®1
1153#__strchr_g		/^$/;"	c:	p:—–®1
1155#__strchrnul		/^$/;"	c:§·˜î˜˜,˜É,˜Ê	p:˜Ë
1156#__strchrnul_c		/^$/;"	c:	p:˜È
1157#__strchrnul_g		/^$/;"	c:	p:˜È
1158#strchrnul		/^$/;"	c:˜È	p:
116#__exctype		/^$/;"	c:˜7	p:—9
1161#__strrchr_c		/^$/;"	c:	p:­·®3
1162#__strrchr_g		/^$/;"	c:	p:­·®3
1165#strcspn		/^$/;"	c:§·˜îÇ,˜Ô,˜Õ,˜Ö,˜ì,™“,™”,™•,˜Ó	p:˜Ó
1166#__strcspn_c1		/^$/;"	c:	p:˜Ó
1167#__strcspn_cg		/^$/;"	c:	p:˜Ó
1168#__strcspn_g		/^$/;"	c:	p:˜Ó
117#name		/^$/;"	c:	p:˜Í›¡ŸÇ,ŸÉ
1170#strspn		/^$/;"	c:§·˜î˜Ú,˜Û,Ç,˜Ü,˜ì,™—,™˜,™™,˜Ù	p:˜Ù
1171#__strspn_c1		/^$/;"	c:	p:˜Ù
1172#__strspn_cg		/^$/;"	c:	p:˜Ù
1173#__strspn_g		/^$/;"	c:	p:˜Ù
1175#__strpbrk_cg		/^$/;"	c:	p:­6
1176#__strpbrk_g		/^$/;"	c:	p:­6
1178#__strstr_cg		/^$/;"	c:	p:­8
1179#__strstr_g		/^$/;"	c:	p:­8
118#__tobody		/^$/;"	c:˜9	p:šÂš¬›¬›4
1181#ffs		/^$/;"	c:˜î˜æ	p:˜ç
1182#__builtin_ffs		/^$/;"	c:	p:˜å
1183#ffsl		/^$/;"	c:˜å	p:
1184#/usr/include/bits/string2.h		/^$/;"	c:—Ø—Í2	p:
1185#__STRING2_SMALL_GET16		/^$/;"	c:	p:˜ô,˜ø,™
1186#__STRING2_SMALL_GET32		/^$/;"	c:	p:˜ô,˜ø,™
1188#__string2_1bptr_p		/^$/;"	c:	p:˜¹,˜,˜£,—,˜Ó,˜Ù,­Í­ã™œ,™Ÿ,™§,™©
1189#__memset_1		/^$/;"	c:	p:ì
119#__builtin_constant_p		/^$/;"	c:	p:˜ã—“,¥Ø—¸,—»,—¿,—Ã,—×,—Ş,—á,Ñ,ì,Ç,˜,˜£,ç,˜³,˜¸,—,¤,—–˜È,®–­·®¬˜Ó,˜Ù,­Í­ã˜å,˜¹,™œ,™Ÿ,™§,™©,™¶,›—,›š,½¬› ,›¢,›¥,›¨,›®,›±,›´,›¸,›»,›¾,É,›í,›ó,Ô,›è,¢¨,£,£¢,¤Æ,¤É,¤Ì,¤Ô,¤×,¤é,¤ì,¤ó,¤ö,¥Œ,¥
1190#__bzero		/^$/;"	c:˜ğ	p:ì
1191#__builtin_memset		/^$/;"	c:	p:˜ï,¦›
1192#__builtin_mempcpy		/^$/;"	c:	p:˜¹
1193#__builtin_memcpy		/^$/;"	c:	p:˜¹
1194#__mempcpy_small		/^$/;"	c:§4	p:˜¹
1195#__mempcpy_args		/^$/;"	c:˜é,˜ê,§4	p:˜¹
1196#mempcpy		/^$/;"	c:˜¹,™®,—¼	p:
1197#__builtin_strchr		/^$/;"	c:	p:—–­6
1198#__strcpy_small		/^$/;"	c:§4	p:˜
1199#__strcpy_args		/^$/;"	c:˜é,˜ê,§4	p:˜
12#printf		/^$/;"	c:—£,—™	p:îš,ğ, ,›3
120#isalnum		/^$/;"	c:˜1	p:
1200#__builtin_stpcpy		/^$/;"	c:	p:˜£
1201#__builtin_strcpy		/^$/;"	c:	p:˜£
1202#__stpcpy_small		/^$/;"	c:§4	p:˜£
1203#__stpcpy_args		/^$/;"	c:˜é,˜ê,§4	p:˜£
1204#__builtin_strncpy		/^$/;"	c:	p:ç
1205#__builtin_strncat		/^$/;"	c:	p:˜¸
1206#__builtin_strcmp		/^$/;"	c:	p:—
1207#__builtin_strcspn		/^$/;"	c:	p:˜Ó
1208#__strcspn_c2		/^$/;"	c:	p:˜Ó
1209#__strcspn_c3		/^$/;"	c:	p:˜Ó
121#isalpha		/^$/;"	c:˜1	p:
1210#__builtin_strspn		/^$/;"	c:	p:˜Ù
1211#__strspn_c2		/^$/;"	c:	p:˜Ù
1212#__strspn_c3		/^$/;"	c:	p:˜Ù
1213#__strpbrk_c2		/^$/;"	c:	p:­6
1214#__strpbrk_c3		/^$/;"	c:	p:­6
1215#__strtok_r		/^$/;"	c:§·˜î˜ì,™,™œ	p:™œ,™
1216#__strtok_r_1c		/^$/;"	c:	p:™œ
1217#strtok_r		/^$/;"	c:™œ	p:
1218#__strsep		/^$/;"	c:˜î˜ì,™ ,™¢,™£,™¤	p:™¥
1219#__strsep_1c		/^$/;"	c:—1	p:™Ÿ
122#iscntrl		/^$/;"	c:˜1	p:
1220#__strsep_2c		/^$/;"	c:	p:™Ÿ
1221#__strsep_3c		/^$/;"	c:	p:™Ÿ
1222#__strsep_g		/^$/;"	c:	p:™Ÿ
1223#strsep		/^$/;"	c:™Ÿ	p:
1225#__strdup		/^$/;"	c:§·˜î˜ì,™¨,Ç,Ğ,Ñ,™§,™«,—¼	p:™§,æ
1226#calloc		/^$/;"	c:	p:™§,™©
1227#__strndup		/^$/;"	c:§·˜î˜ì,™¨,Ç,Ğ,Ñ,™©	p:™©,™ª
1228#strndup		/^$/;"	c:™©	p:
1229#__builtin___memcpy_chk		/^$/;"	c:	p:™§
123#isdigit		/^$/;"	c:˜1	p:
1230#__builtin___memmove_chk		/^$/;"	c:	p:İ,™±
1231#__builtin___mempcpy_chk		/^$/;"	c:	p:˜õ
1232#__warn_memset_zero_len		/^$/;"	c:	p:ì
1233#__builtin___memset_chk		/^$/;"	c:	p:ì,™²
1234#bcopy		/^$/;"	c:™­,—¼	p:
1235#bzero		/^$/;"	c:™°,—¼	p:
1236#__builtin___strcpy_chk		/^$/;"	c:	p:˜
1237#__builtin___stpcpy_chk		/^$/;"	c:	p:˜ª
1238#__builtin___strncpy_chk		/^$/;"	c:	p:ç
1239#__stpncpy_chk		/^$/;"	c:£–š–—˜,˜î™¶,™¸	p:™¶
124#islower		/^$/;"	c:˜1	p:
1240#__stpncpy_alias		/^$/;"	c:	p:™¶
1241#__builtin___strcat_chk		/^$/;"	c:	p:˜³
1242#__builtin___strncat_chk		/^$/;"	c:	p:˜¸
125#isgraph		/^$/;"	c:˜1	p:
126#ispunct		/^$/;"	c:˜1	p:
127#isspace		/^$/;"	c:˜1	p:
128#isupper		/^$/;"	c:˜1	p:
129#isxdigit		/^$/;"	c:˜1	p:
13#linenoisePrintKeyCodes		/^$/;"	c:™,¹,ì,Á,İ,í,ï,µ,¾	p:9
130#isblank		/^$/;"	c:˜1	p:
131#__NTH		/^$/;"	c:˜‹œÇ	p:—î›¬®¬—•,—,—ª,—Ó,—×,—Û,—Ş,—á,™¶,›¢,›¥,›¨,›«,›®,›±,›´,›»,›¾,æ,¢¨,£,£¢,¤Æ,¤É,¤Ì,¤Ğ,¤Ò,¤Ô,¤×,¤Û,¤İ,¤ß,¤â,¤ğ,¤ó,¤ö,¥Œ,¥,¥Ì
132#__ctype_tolower_loc		/^$/;"	c:	p:—îšÂš8
133#toupper		/^$/;"	c:š·˜8	p:
134#__ctype_toupper_loc		/^$/;"	c:	p:š¬š9
135#tolower		/^$/;"	c:˜ãš2	p:
136#isascii		/^$/;"	c:˜4	p:
137#toascii		/^$/;"	c:˜5	p:
138#_tolower		/^$/;"	c:š2	p:
1387#_IOT_termios		/^$/;"	c:šì,ší	p:
1388#_IOT		/^$/;"	c:	p:šë
1389#_IOTS		/^$/;"	c:	p:šë
139#_toupper		/^$/;"	c:š4	p:
1390#/usr/include/bits/types.h		/^$/;"	c:—Âšñ,›”	p:
1392#bits/wordsize.h		/^$/;"	c:	p:šï,¥•
14#exit		/^$/;"	c:	p:9
140#xlocale.h		/^$/;"	c:	p:—3
1408#bits/typesizes.h		/^$/;"	c:	p:šï
141#__isctype_l		/^$/;"	c:	p:›Ø›ã›îœ‹œ–œ¡œ¬œ·œÂœÍœØœ8
1410#__read_chk		/^$/;"	c:¢¬—µ,—¼,˜î›—,›˜,›™	p:›—
1411#__read_chk_warn		/^$/;"	c:	p:›—
1412#__read_alias		/^$/;"	c:	p:›—
1413#__pread_chk		/^$/;"	c:¢¬—µ,—¼,˜î›š,››,›œ	p:›š
1414#__pread_chk_warn		/^$/;"	c:	p:›š
1415#__pread_alias		/^$/;"	c:	p:›š
1416#__pread64_chk		/^$/;"	c:	p:½¬› 
1417#__pread64_chk_warn		/^$/;"	c:	p:½¬› 
1418#__pread64_alias		/^$/;"	c:	p:½¬› 
1419#pread64		/^$/;"	c:—¼,˜î›,›,›Ÿ	p:
142#__exctype_l		/^$/;"	c:˜7	p:
1420#__readlink_chk		/^$/;"	c:©î£–—µ,š–—˜,˜î›¢,›£,›¤	p:›¢
1421#__readlink_chk_warn		/^$/;"	c:	p:›¢
1422#__readlink_alias		/^$/;"	c:	p:›¢
1423#__readlinkat_chk		/^$/;"	c:©î£–—µ,š–—˜,˜î›¥,›¦,›§	p:›¥
1424#__readlinkat_chk_warn		/^$/;"	c:	p:›¥
1425#__readlinkat_alias		/^$/;"	c:	p:›¥
1426#__getcwd_chk		/^$/;"	c:£–—µ,š–—˜,˜î›¨,›©,›ª	p:›¨
1427#__getcwd_chk_warn		/^$/;"	c:	p:›¨
1428#__getcwd_alias		/^$/;"	c:	p:›¨
1429#__getwd_chk		/^$/;"	c:©î£–—µ,š–—˜,›«,›­	p:›«
143#__tolower_l		/^$/;"	c:˜ã¢¬—‹µ,¢Â¢Íœ,™,¢ã¢î˜‹£‹£–ò,£Ø£ã¤‹¤–¤¡¤¬¤·¤Â¤Ø¤ã¤î¥‹¥–¥¡¥¬¥·¥Â¥Í¥Ø¥ã¥î¦‹¦¡¦¬¦·¦Â¦Í¦Ø¦ã¦î©îš–ª0	p:›5
1430#__getwd_warn		/^$/;"	c:	p:›«
1431#__confstr_chk		/^$/;"	c:£–—µ,š–—˜,˜î›®,›¯,›°	p:›®
1432#__confstr_chk_warn		/^$/;"	c:	p:›®
1433#__confstr_alias		/^$/;"	c:	p:›®
1434#__getgroups_chk		/^$/;"	c:£–—µ,š–—˜,˜î›±,›²,›³	p:›±
1435#__getgroups_chk_warn		/^$/;"	c:	p:›±
1436#__getgroups_alias		/^$/;"	c:	p:›±
1437#__ttyname_r_chk		/^$/;"	c:©î£–—µ,š–—˜,˜î›´,›µ,›¶	p:›´
1438#__ttyname_r_chk_warn		/^$/;"	c:	p:›´
1439#__ttyname_r_alias		/^$/;"	c:	p:›´
144#__toupper_l		/^$/;"	c:˜8	p:›6
1440#__getlogin_r_chk		/^$/;"	c:©î¢¬—µ,—˜,˜î›¸,›¹,›º	p:›¸
1441#__getlogin_r_chk_warn		/^$/;"	c:	p:›¸
1442#__getlogin_r_alias		/^$/;"	c:	p:›¸
1443#__gethostname_chk		/^$/;"	c:©î£–—µ,š–—˜,˜î›»,›¼,›½	p:›»
1444#__gethostname_chk_warn		/^$/;"	c:	p:›»
1445#__gethostname_alias		/^$/;"	c:	p:›»
1446#__getdomainname_chk		/^$/;"	c:©î£–—µ,š–—˜,˜î›¾,›¿,›À	p:›¾
1447#__getdomainname_chk_warn		/^$/;"	c:	p:›¾
1448#__getdomainname_alias		/^$/;"	c:	p:›¾
145#tolower_l		/^$/;"	c:›3	p:
1459#/usr/include/bits/waitstatus.h		/^$/;"	c:—7	p:
146#toupper_l		/^$/;"	c:›4	p:
147#__isalnum_l		/^$/;"	c:›1	p:1
1470#/usr/include/endian.h		/^$/;"	c:—Â›Ş,›æ	p:
1475#bits/endian.h		/^$/;"	c:	p:›Ù
148#__isalpha_l		/^$/;"	c:›1	p:2
1482#bits/byteswap.h		/^$/;"	c:	p:›Ù
1483#htobe16		/^$/;"	c:›è	p:
1484#__bswap_16		/^$/;"	c:˜î¼,—ò	p:›ç,›ê,›é,›ë
1485#htole16		/^$/;"	c:›è	p:
1486#be16toh		/^$/;"	c:›è	p:
1487#le16toh		/^$/;"	c:›è	p:
1488#htobe32		/^$/;"	c:›í	p:
1489#__bswap_32		/^$/;"	c:˜î½,—ò	p:›ì,›ğ,›ï,›ñ,›ó
149#__iscntrl_l		/^$/;"	c:›1	p:3
1490#htole32		/^$/;"	c:›í	p:
1491#be32toh		/^$/;"	c:›í	p:
1492#le32toh		/^$/;"	c:›í	p:
1493#htobe64		/^$/;"	c:›ó	p:
1494#__bswap_64		/^$/;"	c:À,˜î¿,—ò,›í	p:›ò,›õ,›ô,›ö
1495#htole64		/^$/;"	c:›ó	p:
1496#be64toh		/^$/;"	c:›ó	p:
1497#le64toh		/^$/;"	c:›ó	p:
1498#/usr/include/features.h		/^$/;"	c:œº,œÀ,œÃ	p:
15#fprintf		/^$/;"	c:—¢,—™	p:î³,É,£,›3
150#__isdigit_l		/^$/;"	c:›1	p:4
1502#__GNUC_PREREQ		/^$/;"	c:	p:¥×
151#__islower_l		/^$/;"	c:›1	p:5
152#__isgraph_l		/^$/;"	c:›1	p:6
153#__isprint_l		/^$/;"	c:›1	p:7
154#__ispunct_l		/^$/;"	c:›1	p:8
1542#stdc-predef.h		/^$/;"	c:	p:›÷
1548#sys/cdefs.h		/^$/;"	c:	p:›÷,œÌ
155#__isspace_l		/^$/;"	c:›1	p:9
1550#gnu/stubs.h		/^$/;"	c:	p:›÷
1551#/usr/include/getopt.h		/^$/;"	c:­	p:
1553#__THROW		/^$/;"	c:œÇ,˜0	p:
1554#throw		/^$/;"	c:	p:œÆ,Ÿ²,š1
1559#/usr/include/libio.h		/^$/;"	c:œÏ,œß,œÀ,­,Ç,Ê	p:
156#__isupper_l		/^$/;"	c:›1	p:0
1561#_G_config.h		/^$/;"	c:	p:œÌ
157#__isxdigit_l		/^$/;"	c:›1	p:1
1576#stdarg.h		/^$/;"	c:	p:œÌ
158#__isblank_l		/^$/;"	c:›1	p:2
159#__isascii_l		/^$/;"	c:˜4	p:3
16#linenoiseSetCompletionCallback		/^$/;"	c:	p:9
160#__toascii_l		/^$/;"	c:˜5	p:4
161#isalnum_l		/^$/;"	c:›7	p:
162#isalpha_l		/^$/;"	c:›8	p:
163#iscntrl_l		/^$/;"	c:›9	p:
1630#bits/stdio-lock.h		/^$/;"	c:	p:œÌ
1636#_IO_BE		/^$/;"	c:´	p:øî¶,—Œ,º,¼
1637#__builtin_expect		/^$/;"	c:	p:³,È,Ÿç,Ÿè
1638#__uflow		/^$/;"	c:	p:ø9
1639#_IO_peekc_unlocked		/^$/;"	c:³,¸	p:¿
164#isdigit_l		/^$/;"	c:œ0	p:
1640#__underflow		/^$/;"	c:	p:¶
1641#__overflow		/^$/;"	c:	p:—Œ
1642#_IO_getwc_unlocked		/^$/;"	c:³,»	p:
1643#__wuflow		/^$/;"	c:	p:º
1644#_IO_putwc_unlocked		/^$/;"	c:³,½	p:
1645#__woverflow		/^$/;"	c:	p:¼
1647#_IO_peekc		/^$/;"	c:À,¶	p:
1648#_IO_peekc_locked		/^$/;"	c:	p:¿
1649#_IO_flockfile		/^$/;"	c:Á	p:Á,Å
165#islower_l		/^$/;"	c:œ1	p:
1650#_IO_funlockfile		/^$/;"	c:Ã	p:Ã,Ù
1653#_IO_cleanup_region_end		/^$/;"	c:	p:Ù
1654#shlib-compat.h		/^$/;"	c:	p:œÌ
1655#_IO_fwide_maybe_incompatible		/^$/;"	c:´	p:
1656#_IO_fwide		/^$/;"	c:˜îÉ	p:É
1657#bits/libio-ldbl.h		/^$/;"	c:	p:œÌ
1658#/usr/include/sys/select.h		/^$/;"	c:—Â—ÍÎ,Ï,¸·Ò,â	p:
166#isgraph_l		/^$/;"	c:œ2	p:
1660#bits/select.h		/^$/;"	c:	p:Ë
1661#bits/sigset.h		/^$/;"	c:	p:Ë
1664#bits/time.h		/^$/;"	c:	p:Ë,
1666#__FD_ELT		/^$/;"	c:˜îÇ,È	p:Û,İ,ß
1667#__FD_MASK		/^$/;"	c:	p:Û,İ,ß
1668#__FDS_BITS		/^$/;"	c:	p:á,Û,İ,ß
167#isprint_l		/^$/;"	c:œ3	p:
1671#FD_SET		/^$/;"	c:Û	p:
1672#__FD_SET		/^$/;"	c:Ö,Ô,Õ	p:Ú
1673#FD_CLR		/^$/;"	c:İ	p:
1674#__FD_CLR		/^$/;"	c:Ö,Ô,Õ	p:Ü
1675#FD_ISSET		/^$/;"	c:ß	p:
1676#__FD_ISSET		/^$/;"	c:Ö,Ô,Õ	p:Ş
1677#FD_ZERO		/^$/;"	c:á	p:
1678#__FD_ZERO		/^$/;"	c:˜,Ö	p:à
1679#bits/select2.h		/^$/;"	c:	p:Ë
168#ispunct_l		/^$/;"	c:œ4	p:
1680#/usr/include/sys/sysmacros.h		/^$/;"	c:—5	p:
1682#gnu_dev_major		/^$/;"	c:š1	p:é
1683#gnu_dev_minor		/^$/;"	c:	p:ê
1684#gnu_dev_makedev		/^$/;"	c:	p:ë
1685#major		/^$/;"	c:æ	p:
1686#minor		/^$/;"	c:ç	p:
1687#makedev		/^$/;"	c:è	p:
169#isspace_l		/^$/;"	c:œ5	p:
1695#CTRL		/^$/;"	c:	p:õ,ø,,,’,“,”,•,—,˜,™
1696#CEOF		/^$/;"	c:ô	p:
1699#CINTR		/^$/;"	c:ô	p:
17#linenoiseSetHintsCallback		/^$/;"	c:	p:9
170#isupper_l		/^$/;"	c:œ6	p:
1701#CKILL		/^$/;"	c:ô	p:
1704#CSUSP		/^$/;"	c:ô	p:
1706#CDSUSP		/^$/;"	c:ô	p:
1707#CSTART		/^$/;"	c:ô	p:
1708#CSTOP		/^$/;"	c:ô	p:
1709#CLNEXT		/^$/;"	c:ô	p:
171#isxdigit_l		/^$/;"	c:œ7	p:
1710#CDISCARD		/^$/;"	c:ô	p:
1711#CWERASE		/^$/;"	c:ô	p:
1712#CREPRINT		/^$/;"	c:ô	p:
1717#/usr/include/time.h		/^$/;"	c:—Â¸ØÒ,—6	p:
1719#CLK_TCK		/^$/;"	c:İ	p:
172#isblank_l		/^$/;"	c:œ8	p:
1721#__USING_NAMESPACE_STD		/^$/;"	c:˜‹ª,«,©î­,®,¾	p:
1728#nanosleep		/^$/;"	c:	p:£
1729#clock_nanosleep		/^$/;"	c:	p:£
173#isascii_l		/^$/;"	c:œ9	p:
1730#getdate		/^$/;"	c:	p:£
1731#getdate_r		/^$/;"	c:	p:£
174#toascii_l		/^$/;"	c:0	p:
1740#_G_HAVE_ST_BLKSIZE		/^$/;"	c:¹	p:
1741#defined		/^$/;"	c:	p:¸
1744#__bswap_constant_16		/^$/;"	c:	p:›è,Å
1745#__bswap_constant_32		/^$/;"	c:	p:›í
1746#__builtin_bswap32		/^$/;"	c:	p:£
1747#__bswap_constant_64		/^$/;"	c:§4	p:›ó
1748#__builtin_bswap64		/^$/;"	c:	p:›ó
1752#__LDBL_REDIR_DECL		/^$/;"	c:Å,—µ,Á,§ÂªãŸÌ,¼	p:Å,£¢
1754#__fdelt_warn		/^$/;"	c:	p:Ô
1755#__fdelt_chk		/^$/;"	c:	p:Ô
1760#__sigmask		/^$/;"	c:	p:Õ
1761#__sigword		/^$/;"	c:	p:Õ
1762#__sigemptyset		/^$/;"	c:§4	p:
1763#__sigfillset		/^$/;"	c:§4	p:
1764#__sigisemptyset		/^$/;"	c:§4	p:
1765#__sigandset		/^$/;"	c:§4	p:
1766#__sigorset		/^$/;"	c:§4	p:
1767#__SIGSETFN		/^$/;"	c:Ö,Î,Ï	p:
1768#NAME		/^$/;"	c:	p:Õ
1770#_IO_release_lock		/^$/;"	c:Ã,Æ	p:
1774#__sysconf		/^$/;"	c:	p: 
18#linenoiseHistoryLoad		/^$/;"	c:´,ó,—–¢,—0	p:9
1834#__LEAF_ATTR		/^$/;"	c:˜0	p:
1835#__THROWNL		/^$/;"	c:˜‹œÇ	p:
1840#__STRING		/^$/;"	c:	p:ŸÏ
1853#__builtin_object_size		/^$/;"	c:	p:—˜,—¼
1854#__warndecl		/^$/;"	c:˜Ø˜‹ŸÈ	p:
1855#__warning__		/^$/;"	c:	p:ŸÇ,—µ
1856#__errordecl		/^$/;"	c:˜Ø˜‹ŸÊ	p:
1857#__error__		/^$/;"	c:	p:ŸÉ
1859#__ASMNAME		/^$/;"	c:ŸÏ	p:¢¬£–ŸÎ,—Ó,Å
1860#__REDIRECT_NTHNL		/^$/;"	c:—ò,ŸÌ	p:
1861#__ASMNAME2		/^$/;"	c:Ÿ¸	p:ŸÌ
1862#__attribute_malloc__		/^$/;"	c:˜0	p:
1863#__attribute_pure__		/^$/;"	c:˜0	p:
1864#__attribute_const__		/^$/;"	c:˜0	p:
1865#__attribute_used__		/^$/;"	c:˜0	p:
1866#__attribute_noinline__		/^$/;"	c:˜0	p:
1867#__attribute_deprecated__		/^$/;"	c:˜0	p:
1868#__attribute_format_arg__		/^$/;"	c:˜‹Ÿ×	p:
1869#__format_arg__		/^$/;"	c:	p:ŸÖ
1870#__attribute_format_strfmon__		/^$/;"	c:˜‹£0	p:
1871#__attribute_warn_unused_result__		/^$/;"	c:˜0	p:
1873#__always_inline		/^$/;"	c:˜0	p:
1874#__attribute_artificial__		/^$/;"	c:˜0	p:
1875#__extern_inline		/^$/;"	c:˜0	p:
1876#__extern_always_inline		/^$/;"	c:˜0	p:
1878#__builtin_va_arg_pack		/^$/;"	c:	p:—™
1879#__va_arg_pack_len		/^$/;"	c:Ÿä	p:
1880#__builtin_va_arg_pack_len		/^$/;"	c:	p:Ÿâ
1883#__glibc_unlikely		/^$/;"	c:´	p:¥Á,¥Å
1884#__glibc_likely		/^$/;"	c:´	p:
1886#__LDBL_REDIR1		/^$/;"	c:¢3	p:Ÿë,Ÿï
1887#__LDBL_REDIR		/^$/;"	c:Ÿê	p:
1888#__LDBL_REDIR1_NTH		/^$/;"	c:£1	p:Ÿí,Ÿğ
1889#__LDBL_REDIR_NTH		/^$/;"	c:Ÿì	p:
1890#__REDIRECT_LDBL		/^$/;"	c:Ÿê,¢3	p:
1891#__REDIRECT_NTH_LDBL		/^$/;"	c:Ÿì,£1	p:¤ß,¤â
19#linenoise		/^$/;"	c:º,ñ,¶,™,µ,ó,Ç,æ,ğ	p:9
1934#TCGETS2		/^$/;"	c: ²	p:
1935#_IOR		/^$/;"	c:¦Ç,¦È	p: ±, º, ¼, Ä, Å, Æ
1936#TCSETS2		/^$/;"	c: ´	p:
1937#_IOW		/^$/;"	c:¦Ç,¦È	p: ³, µ, ¶, », Á
1938#TCSETSW2		/^$/;"	c: ´	p:
1939#TCSETSF2		/^$/;"	c: ´	p:
1942#TIOCGPTN		/^$/;"	c: ²	p:
1943#TIOCSPTLCK		/^$/;"	c: ´	p:
1944#TIOCGDEV		/^$/;"	c: ²	p:
1949#TIOCSIG		/^$/;"	c: ´	p:
1951#TIOCGPKT		/^$/;"	c: ²	p:
1952#TIOCGPTLCK		/^$/;"	c: ²	p:
1953#TIOCGEXCL		/^$/;"	c: ²	p:
1978#/usr/include/bits/libc-lock.h		/^$/;"	c: ä	p:
1980#pthread.h		/^$/;"	c:	p: á
1991#__libc_maybe_call		/^$/;"	c:§·§5	p: ñ, ó,¢,¢’,¢“,¢—,¢˜,¢œ,¢ª,¢«,¢­,¢®,¢¯,¢°
1992#__libc_maybe_call2		/^$/;"	c: ğ	p: ò,¢,¢‘,¢•,¢›
1993#__libc_lock_init		/^$/;"	c: ñ	p:
1994#__libc_rwlock_init		/^$/;"	c: ğ	p:
1995#__libc_lock_init_recursive		/^$/;"	c: õ, ö, ÷, ø	p:¢Œ
1996#__pthread_mutexattr_init		/^$/;"	c:	p: ô,¢¨
1997#__pthread_mutexattr_settype		/^$/;"	c:	p: ô,¢¨
1998#__pthread_mutex_init		/^$/;"	c:	p: ô,¢¨
1999#__pthread_mutexattr_destroy		/^$/;"	c:	p: ô,¢¨
2#stdlib.h		/^$/;"	c:	p:‹¨,˜è
20#linenoiseHistoryAdd		/^$/;"	c:Ğ,ì,—,æ,§,İ	p:îë,Ÿ
2000#__rtld_lock_init_recursive		/^$/;"	c: ô	p:
2001#__libc_lock_fini		/^$/;"	c: ñ	p:¢
2002#__libc_rwlock_fini		/^$/;"	c: ğ	p:
2003#__libc_lock_fini_recursive		/^$/;"	c:¢	p:¢
2004#__rtld_lock_fini_recursive		/^$/;"	c:¢	p:
2005#__libc_lock_lock		/^$/;"	c: ñ	p:¢”
2006#__libc_rwlock_rdlock		/^$/;"	c: ğ	p:
2007#__libc_rwlock_wrlock		/^$/;"	c: ğ	p:
2008#__libc_lock_lock_recursive		/^$/;"	c:¢‘	p:¢
2009#__libc_lock_trylock		/^$/;"	c: ñ	p:¢™
2010#__libc_rwlock_tryrdlock		/^$/;"	c: ğ	p:
2011#__libc_rwlock_trywrlock		/^$/;"	c: ğ	p:
2012#__libc_lock_trylock_recursive		/^$/;"	c:¢•	p:¢š
2013#__rtld_lock_trylock_recursive		/^$/;"	c:¢™	p:
2014#__libc_lock_unlock		/^$/;"	c: ñ	p:¢
2015#__libc_rwlock_unlock		/^$/;"	c: ğ	p:
2016#__libc_lock_unlock_recursive		/^$/;"	c:¢›	p:¢Ÿ
2017#__rtld_lock_lock_recursive		/^$/;"	c:¢”	p:
2018#__rtld_lock_unlock_recursive		/^$/;"	c:¢	p:
2020#__libc_once		/^$/;"	c:¢£,¢¤	p:
2021#__pthread_once		/^$/;"	c:	p:¢¢,¢¨
2022#INIT_FUNCTION		/^$/;"	c:	p:¢¢
2023#__libc_cleanup_region_start		/^$/;"	c:¢¦	p:
2024#_pthread_cleanup_push_defer		/^$/;"	c:	p:¢¥
2025#__libc_cleanup_region_end		/^$/;"	c:¢¨	p:
2026#_pthread_cleanup_pop_restore		/^$/;"	c: ÷,¢±,¢²,¢³,¢´, õ, ø, ö,¢µ,¢¶,¢¸,¢¹,¢º,¢»,¢¼,¢½,¢¾,¢¿,¢£,¢À,ªãš–˜î£œ	p:¢§,¢©
2027#__libc_cleanup_end		/^$/;"	c:¢¨	p:
2028#__libc_cleanup_push		/^$/;"	c: ğ	p:
2029#__libc_cleanup_pop		/^$/;"	c: ğ	p:
203#__REDIRECT		/^$/;"	c:—ò,ŸÌ	p:›¬ª·º‹—´,—¸,—»,—¿,—Ã,›—,›š,›¸,Ÿê,Ÿï,£¢,¤é,¤ì
2030#__libc_key_create		/^$/;"	c: ğ	p:
2031#__libc_getspecific		/^$/;"	c: ğ	p:
2032#__libc_setspecific		/^$/;"	c: ğ	p:
2033#__libc_atfork		/^$/;"	c: ğ	p:
2034#__pthread_mutex_destroy		/^$/;"	c:	p:¢¨
2035#__pthread_mutex_trylock		/^$/;"	c:	p:¢¨
2036#__pthread_mutex_lock		/^$/;"	c:	p:¢¨
2037#__pthread_mutex_unlock		/^$/;"	c:	p:¢¨
2038#__pthread_rwlock_init		/^$/;"	c:	p:¢¨
2039#__pthread_rwlock_destroy		/^$/;"	c:	p:¢¨
2040#__pthread_rwlock_rdlock		/^$/;"	c:	p:¢¨
2041#__pthread_rwlock_tryrdlock		/^$/;"	c:	p:¢¨
2042#__pthread_rwlock_wrlock		/^$/;"	c:	p:¢¨
2043#__pthread_rwlock_trywrlock		/^$/;"	c:	p:¢¨
2044#__pthread_rwlock_unlock		/^$/;"	c:	p:¢¨
2045#__pthread_key_create		/^$/;"	c:	p:¢¨
2046#__pthread_setspecific		/^$/;"	c:	p:¢¨
2047#__pthread_getspecific		/^$/;"	c:	p:¢¨
2048#__pthread_atfork		/^$/;"	c:	p:¢¨
205#fflush_unlocked		/^$/;"	c:	p:›3
206#fcloseall		/^$/;"	c:	p:›3
208#vfprintf		/^$/;"	c:—¤	p:›¬º0
209#vprintf		/^$/;"	c:—¤,—¥	p:›3
21#linenoiseHistorySave		/^$/;"	c:÷,´,ø,œ,—0	p:9
210#__format__		/^$/;"	c:	p:›¬—¦,—ª,ŸÙ
211#__REDIRECT_NTH		/^$/;"	c:—ò,ŸÌ	p:›¬­ã®¬º‹—Ó,—×,—Û,—Ş,—á,™¶,›¢,›¥,›¨,›«,›®,›±,›´,›»,›¾,Ÿì,Ÿğ,£¢,¤Æ,¤É,¤Ì,¤Ğ,¤Ò,¤Ô,¤×,¤Û,¤İ,¤ğ,¤ó,¤ö,¥Œ,¥
2115#__btowc_alias		/^$/;"	c:	p:¢¨
2116#__wctob_alias		/^$/;"	c:ªãš–˜î£	p:£
2117#mbrlen		/^$/;"	c:£Ÿ,£ 	p:
2118#mbrtowc		/^$/;"	c:	p:£
2119#__mbrlen		/^$/;"	c:	p:£
2120#mbsrtowcs		/^$/;"	c:££,£¤,£¥,£¦,£§,£¨,¢¬£–£©,£ª,£­,£®,£¯,£°,£²,£³,£´,£µ,£¶,£¸,£¹,£º,£»,£¼,£½,£¾,£¿,£À,£Á,£Ã,£Ä,Å,—Ó,—µ,š–—¼,˜î¤Ã,¤Ä,¤Å	p:
2121#fwprintf		/^$/;"	c:¤æ,—™	p:£¢
2122#wprintf		/^$/;"	c:¤å,—™	p:£¢
2123#vfwprintf		/^$/;"	c:¤è	p:£¢
2124#vwprintf		/^$/;"	c:¤ç	p:£¢
2125#fwscanf		/^$/;"	c:	p:£¢
2126#wscanf		/^$/;"	c:	p:£¢
2127#__isoc99_fwscanf		/^$/;"	c:	p:£¢
2128#__isoc99_wscanf		/^$/;"	c:	p:£¢
2130#vfwscanf		/^$/;"	c:	p:£¢
2131#vwscanf		/^$/;"	c:	p:£¢
2132#__isoc99_vfwscanf		/^$/;"	c:	p:£¢
2133#__isoc99_vwscanf		/^$/;"	c:	p:£¢
2135#fgetwc		/^$/;"	c:	p:£¢
2136#getwc		/^$/;"	c:	p:£¢
2137#getwchar		/^$/;"	c:	p:£¢
2138#fputwc		/^$/;"	c:	p:£¢
2139#putwc		/^$/;"	c:	p:£¢
2140#putwchar		/^$/;"	c:	p:£¢
2141#fgetws		/^$/;"	c:	p:£¢
2142#fputws		/^$/;"	c:	p:£¢
2143#ungetwc		/^$/;"	c:	p:£¢
2144#getwc_unlocked		/^$/;"	c:	p:£¢
2145#getwchar_unlocked		/^$/;"	c:	p:£¢
2146#fgetwc_unlocked		/^$/;"	c:	p:£¢
2147#fputwc_unlocked		/^$/;"	c:	p:£¢
2148#putwc_unlocked		/^$/;"	c:	p:£¢
2149#putwchar_unlocked		/^$/;"	c:	p:£¢
2150#fgetws_unlocked		/^$/;"	c:	p:£¢
2151#fputws_unlocked		/^$/;"	c:	p:£¢
217#getc		/^$/;"	c:£9	p:›3
218#getchar		/^$/;"	c:£9	p:›3
219#_IO_getc		/^$/;"	c:	p:£Ø£8
22#strncmp		/^$/;"	c:§·˜îÇ,—,˜Á,¤	p:î¤
220#getc_unlocked		/^$/;"	c:ø9	p:›3
221#getchar_unlocked		/^$/;"	c:ø9	p:›3
222#fgetc_unlocked		/^$/;"	c:ø9	p:›3
223#fputc		/^$/;"	c:	p:›3
224#putc		/^$/;"	c:¤6	p:›3
225#putchar		/^$/;"	c:¤6	p:›3
2250#__wmemcpy_chk		/^$/;"	c:	p:£¢
2251#__wmemcpy_chk_warn		/^$/;"	c:	p:£¢
2252#__wmemcpy_alias		/^$/;"	c:	p:£¢
2253#__wmemmove_chk		/^$/;"	c:£–—µ,š–—¼,˜î¤Æ,¤Ç,¤È	p:¤Æ
2254#__wmemmove_chk_warn		/^$/;"	c:	p:¤Æ
2255#__wmemmove_alias		/^$/;"	c:	p:¤Æ
2256#__wmempcpy_chk		/^$/;"	c:£–—µ,š–—¼,˜î¤É,¤Ê,¤Ë	p:¤É
2257#__wmempcpy_chk_warn		/^$/;"	c:	p:¤É
2258#__wmempcpy_alias		/^$/;"	c:	p:¤É
2259#__wmemset_chk		/^$/;"	c:£–—µ,š–—¼,˜î¤Ì,¤Î,¤Ï	p:¤Ì
226#_IO_putc		/^$/;"	c:	p:¤·¤5
2260#__wmemset_chk_warn		/^$/;"	c:	p:¤Ì
2261#__wmemset_alias		/^$/;"	c:	p:¤Ì
2262#__wcscpy_chk		/^$/;"	c:£–š–—˜,¤Ğ,¤Ñ	p:¤Ğ
2263#__wcscpy_alias		/^$/;"	c:	p:¤Ğ
2264#__wcpcpy_chk		/^$/;"	c:£–š–—˜,¤Ò,¤Ó	p:¤Ò
2265#__wcpcpy_alias		/^$/;"	c:	p:¤Ò
2266#__wcsncpy_chk		/^$/;"	c:£–—µ,š–—˜,˜î¤Ô,¤Õ,¤Ö	p:¤Ô
2267#__wcsncpy_chk_warn		/^$/;"	c:	p:¤Ô
2268#__wcsncpy_alias		/^$/;"	c:	p:¤Ô
2269#__wcpncpy_chk		/^$/;"	c:£–—µ,š–—˜,˜î¤×,¤Ù,¤Ú	p:¤×
227#fputc_unlocked		/^$/;"	c:—Œ	p:›3
2270#__wcpncpy_chk_warn		/^$/;"	c:	p:¤×
2271#__wcpncpy_alias		/^$/;"	c:	p:¤×
2272#__wcscat_chk		/^$/;"	c:£–š–—˜,¤Û,¤Ü	p:¤Û
2273#__wcscat_alias		/^$/;"	c:	p:¤Û
2274#__wcsncat_chk		/^$/;"	c:£–š–—˜,¤İ,¤Ş	p:¤İ
2275#__wcsncat_alias		/^$/;"	c:	p:¤İ
2276#__swprintf_chk		/^$/;"	c:Ÿğ,š–—˜,¤ß,—™,¤à	p:¤ß,¤á
2277#__swprintf_alias		/^$/;"	c:	p:¤ß
2278#swprintf		/^$/;"	c:—˜,¤ß,¤á	p:¤á
2279#__vswprintf_chk		/^$/;"	c:Ÿğ,š–—˜,¤â,¤ä	p:¤â
228#putc_unlocked		/^$/;"	c:—Œ	p:›3
2280#__vswprintf_alias		/^$/;"	c:	p:¤â
2281#__wprintf_chk		/^$/;"	c:	p:£¤
2282#__fwprintf_chk		/^$/;"	c:	p:££
2283#__vwprintf_chk		/^$/;"	c:	p:£¦
2284#__vfwprintf_chk		/^$/;"	c:	p:£¥
2285#__fgetws_chk		/^$/;"	c:¢¬—µ,—˜,˜î¤é,¤ê,¤ë	p:¤é
2286#__fgetws_chk_warn		/^$/;"	c:	p:¤é
2287#__fgetws_alias		/^$/;"	c:	p:¤é
2288#__fgetws_unlocked_chk		/^$/;"	c:¢¬—µ,—˜,˜î¤ì,¤í,¤ï	p:¤ì
2289#__fgetws_unlocked_chk_warn		/^$/;"	c:	p:¤ì
229#putchar_unlocked		/^$/;"	c:—Œ	p:›3
2290#__fgetws_unlocked_alias		/^$/;"	c:	p:¤ì
2291#__wcrtomb_chk		/^$/;"	c:£–š–—˜,¤ğ,¤ò	p:¤ğ
2293#__wcrtomb_alias		/^$/;"	c:	p:¤ğ
2294#__mbsrtowcs_chk		/^$/;"	c:£–—µ,š–—˜,˜î¤ó,¤ô,¤õ	p:¤ó
2295#__mbsrtowcs_chk_warn		/^$/;"	c:	p:¤ó
2296#__mbsrtowcs_alias		/^$/;"	c:	p:¤ó
2297#__wcsrtombs_chk		/^$/;"	c:£–—µ,š–—˜,˜î¤ö,¤÷,¤ø	p:¤ö
2298#__wcsrtombs_chk_warn		/^$/;"	c:	p:¤ö
2299#__wcsrtombs_alias		/^$/;"	c:	p:¤ö
23#atoi		/^$/;"	c:	p:9
230#getw		/^$/;"	c:	p:›3
2300#__mbsnrtowcs_chk		/^$/;"	c:£–—µ,š–—˜,˜î¥Œ,¥,¥	p:¥Œ
2301#__mbsnrtowcs_chk_warn		/^$/;"	c:	p:¥Œ
2302#__mbsnrtowcs_alias		/^$/;"	c:	p:¥Œ
2303#__wcsnrtombs_chk		/^$/;"	c:£–—µ,š–—˜,˜î¥,¥,¥‘	p:¥
2304#__wcsnrtombs_chk_warn		/^$/;"	c:	p:¥
2305#__wcsnrtombs_alias		/^$/;"	c:	p:¥
2306#/usr/include/linux/ioctl.h		/^$/;"	c:¥”	p:
2308#asm/ioctl.h		/^$/;"	c:	p:¥’
2309#/usr/include/pthread.h		/^$/;"	c:—Â—Ø¥˜,¸·¹Â¥™,šñ	p:
231#putw		/^$/;"	c:	p:›3
2311#sched.h		/^$/;"	c:	p:¥•
2312#bits/setjmp.h		/^$/;"	c:	p:¥•
232#fputs		/^$/;"	c:	p:›3
233#puts		/^$/;"	c:	p:›3
2335#pthread_exit		/^$/;"	c:˜‹¥³,¥´,©î¥µ,¥¶,¥¸,¥¹,¥º,¥»,¥¼,¥½	p:
2336#pthread_join		/^$/;"	c:	p:¥²
2337#pthread_timedjoin_np		/^$/;"	c:	p:¥²
2338#pthread_once		/^$/;"	c:	p:¥²
2339#pthread_setcancelstate		/^$/;"	c:	p:¥²
234#ungetc		/^$/;"	c:	p:›3
2340#pthread_setcanceltype		/^$/;"	c:	p:¥²,¥¿,¥À,¥Å,¥Æ
2341#pthread_cancel		/^$/;"	c:	p:¥²
2342#pthread_testcancel		/^$/;"	c:	p:¥²
2343#__pthread_cleanup_class		/^$/;"	c:	p:¥²
2344#__cancel_routine		/^$/;"	c:	p:¥²,¥Ç,¥Á,¥Ä,¥Å,¥Æ
2345#__cancel_arg		/^$/;"	c:	p:¥²
2346#__setdoit		/^$/;"	c:	p:¥Ä,¥Æ
2347#__defer		/^$/;"	c:¥¸	p:¥Å
2348#__restore		/^$/;"	c:¥¸	p:¥Æ
2349#pthread_cleanup_push		/^$/;"	c:¥Ã,˜‹¥È,¥É,Ÿç,¥¼,¥Ê,¥Ë	p:
235#fwrite		/^$/;"	c:	p:›3
2350#__clframe		/^$/;"	c:	p:¥Á,¥Å
2351#pthread_cleanup_pop		/^$/;"	c:¥¾,¥Ì,¥¼	p:
2352#pthread_cleanup_push_defer_np		/^$/;"	c:¥Ã,¥¿,˜‹¥È,¥¸,¥É,Ÿç,¥¼,¥Ê,¥Î	p:
2353#pthread_cleanup_pop_restore_np		/^$/;"	c:¥À,¥¾,¥¸,¥Ï,¥¼	p:
2354#__pthread_cleanup_routine		/^$/;"	c:¥¼	p:
2355#__cleanup__		/^$/;"	c:	p:¥Á,¥Å
2356#__sigsetjmp		/^$/;"	c:	p:¥Á,¥Å
2357#__pthread_unwind_next		/^$/;"	c:	p:¥Á,¥Å
2358#__pthread_register_cancel		/^$/;"	c:	p:¥Á
2359#__pthread_unregister_cancel		/^$/;"	c:¥Î,˜‹©î¥Ğ,¥Ñ,š1	p:¥Ä
236#fputs_unlocked		/^$/;"	c:	p:›3
2360#__pthread_register_cancel_defer		/^$/;"	c:	p:¥Å,¥Ì
2361#__pthread_unregister_cancel_restore		/^$/;"	c:	p:¥Æ
2362#pthread_key_create		/^$/;"	c:	p:¥Ì
2363#pthread_atfork		/^$/;"	c:	p:¥Ì
2364#/usr/include/wctype.h		/^$/;"	c:—Â—Í¥Ô,—7	p:
2366#wchar.h		/^$/;"	c:	p:¥Ò
2369#iswalnum		/^$/;"	c:œ	p:
237#fwrite_unlocked		/^$/;"	c:§·˜î—Œ,¥7	p:›¬¥7
238#fseek		/^$/;"	c:	p:›3
239#rewind		/^$/;"	c:	p:›3
24#linenoiseHistorySetMaxLen		/^$/;"	c:Ğ,§,ì,Ñ	p:9
240#fseeko		/^$/;"	c:	p:›3
2407#CPU_SET		/^$/;"	c:¦”	p:
2408#__CPU_SET_S		/^$/;"	c:§,§	p:¦“,¦
2409#CPU_CLR		/^$/;"	c:¦—	p:
2410#__CPU_CLR_S		/^$/;"	c:§,§	p:¦•,¦Ÿ
2411#CPU_ISSET		/^$/;"	c:¦™	p:
2412#__CPU_ISSET_S		/^$/;"	c:§,§	p:¦˜,¦ 
2413#CPU_ZERO		/^$/;"	c:¦›	p:
2414#__CPU_ZERO_S		/^$/;"	c:˜ğ	p:¦š,¦¢
2415#CPU_COUNT		/^$/;"	c:¦	p:
2416#__CPU_COUNT_S		/^$/;"	c:§‘	p:¦œ,¦£
2417#CPU_SET_S		/^$/;"	c:¦”	p:
2418#CPU_CLR_S		/^$/;"	c:¦—	p:
2419#CPU_ISSET_S		/^$/;"	c:¦™	p:
242#fgetpos		/^$/;"	c:	p:›3
2420#CPU_ZERO_S		/^$/;"	c:¦›	p:
2421#CPU_COUNT_S		/^$/;"	c:¦	p:
2422#CPU_EQUAL		/^$/;"	c:¦¥	p:
2423#__CPU_EQUAL_S		/^$/;"	c:§’	p:¦¤,¦¦
2424#CPU_EQUAL_S		/^$/;"	c:¦¥	p:
2425#CPU_AND		/^$/;"	c:¦¨	p:
2426#__CPU_OP_S		/^$/;"	c:	p:¦§,¦©,¦ª,¦«,¦­,¦®
2427#CPU_OR		/^$/;"	c:¦¨	p:
2428#CPU_XOR		/^$/;"	c:¦¨	p:
2429#CPU_AND_S		/^$/;"	c:¦¨	p:
243#fsetpos		/^$/;"	c:	p:›3
2430#CPU_OR_S		/^$/;"	c:¦¨	p:
2431#CPU_XOR_S		/^$/;"	c:¦¨	p:
2432#CPU_ALLOC_SIZE		/^$/;"	c:¦°	p:
2433#__CPU_ALLOC_SIZE		/^$/;"	c:	p:¦¯
2434#CPU_ALLOC		/^$/;"	c:¦²	p:
2435#__CPU_ALLOC		/^$/;"	c:§“	p:¦±
2436#CPU_FREE		/^$/;"	c:¦´	p:
2437#__CPU_FREE		/^$/;"	c:§”	p:¦³
244#fseeko64		/^$/;"	c:	p:›3
245#fgetpos64		/^$/;"	c:	p:›3
2454#_IOC		/^$/;"	c:	p:¦É, ², ´,¦Ê,¦Ë,¦Ì,¦Î
2455#_IOC_TYPECHECK		/^$/;"	c:	p: ², ´,¦Ê
2456#_IO		/^$/;"	c:¦Ç	p:
2457#_IOWR		/^$/;"	c:¦Ç,¦È	p:
2458#_IOR_BAD		/^$/;"	c:¦Ç	p:
2459#_IOW_BAD		/^$/;"	c:¦Ç	p:
246#fsetpos64		/^$/;"	c:	p:›3
2460#_IOWR_BAD		/^$/;"	c:¦Ç	p:
247#perror		/^$/;"	c:	p:›3
248#pclose		/^$/;"	c:	p:›3
249#cuserid		/^$/;"	c:	p:›3
25#free		/^$/;"	c:	p:îÊ,ÍÕ,å,ë,ñ,ô,õ,¢,¦
2503#__CPUELT		/^$/;"	c:	p:¦”,¦—,¦™
2504#__CPUMASK		/^$/;"	c:	p:¦”,¦—,¦™
2505#__sched_cpucount		/^$/;"	c:	p:¦
2506#__builtin_memcmp		/^$/;"	c:	p:¦¥
2507#__sched_cpualloc		/^$/;"	c:	p:¦²
2508#__sched_cpufree		/^$/;"	c:	p:¦´
253#__WAIT_INT		/^$/;"	c:§·§5	p:§ã¨‹¨¡¨·¨Í¨ã©0
254#__extension__		/^$/;"	c:	p:§¬—“,¥ØÑ,ì,—÷,Ç,˜,˜Ÿ,˜£,˜¤,ç,˜³,˜¸,—,˜¼,˜½,˜¾,¤,—–˜È,®–­·®¬˜Ó,˜Ù,­Í­ã˜¹,˜ó,˜ô,˜÷,˜ø,™,™,™œ,™§,™©,¿,Ğ,Ñ,Ò,Ó,Ô, ğ
255#__typeof		/^$/;"	c:	p:§¬—Ó,Å, ğ
258#WEXITSTATUS		/^$/;"	c:§î§3	p:
259#__WEXITSTATUS		/^$/;"	c:	p:§ã¨3
26#linenoise.c		/^$/;"	c:©,ª,¡–«,¬­,®,¯,°,4	p:
260#WTERMSIG		/^$/;"	c:¨–§3	p:
261#__WTERMSIG		/^$/;"	c:	p:¨‹¨5
262#WSTOPSIG		/^$/;"	c:¨¬§3	p:
263#__WSTOPSIG		/^$/;"	c:§9	p:¨2
264#WIFEXITED		/^$/;"	c:¨Â§3	p:
265#__WIFEXITED		/^$/;"	c:¨1	p:¨4
266#WIFSIGNALED		/^$/;"	c:¨Ø§3	p:
267#__WIFSIGNALED		/^$/;"	c:	p:¨6
268#WIFSTOPPED		/^$/;"	c:¨î§3	p:
269#__WIFSTOPPED		/^$/;"	c:	p:¨8
27#termios.h		/^$/;"	c:	p:¨
270#WIFCONTINUED		/^$/;"	c:©–§3	p:
271#__WIFCONTINUED		/^$/;"	c:	p:©0
277#MB_CUR_MAX		/^$/;"	c:©8	p:
278#__ctype_get_mb_cur_max		/^$/;"	c:	p:©7
279#__nonnull		/^$/;"	c:˜0	p:›¬ª·«ã­·­Í­ã®–®¬º‹—×,›¢,›¥,›«,›´,›¸,›»,›¾,£,¥²,¥Ì
28#unistd.h		/^$/;"	c:	p:¨
280#strtol		/^$/;"	c:	p:›¬ª1
281#atol		/^$/;"	c:ª0	p:
282#atoll		/^$/;"	c:ª3	p:
283#strtoll		/^$/;"	c:	p:ª2
284#l64a		/^$/;"	c:©î˜‹ªÍ»,ªØªãªî¢¬«Â«ã«9	p:
286#__alloc_size__		/^$/;"	c:	p:ª4
287#at_quick_exit		/^$/;"	c:	p:ª4
288#__asm		/^$/;"	c:	p:ª·«ã­·­Í­ã®–®¬—Ó,Å,¢¨,£
289#on_exit		/^$/;"	c:	p:ª4
29#errno.h		/^$/;"	c:	p:¨
295#getpt		/^$/;"	c:	p:ª4
298#memchr		/^$/;"	c:©îªã­·­5	p:ª4
299#__builtin_memchr		/^$/;"	c:	p:ª4
3#string.h		/^$/;"	c:	p:‹¨
30#ctype.h		/^$/;"	c:	p:¨,œÄ
300#strdupa		/^$/;"	c:Ç,­–Ñ	p:
301#__builtin_alloca		/^$/;"	c:	p:­‹­¡¿2
302#strndupa		/^$/;"	c:­¬­–Ñ	p:
303#strnlen		/^$/;"	c:	p:­2
304#strrchr		/^$/;"	c:©îªã­Í­Ø§·˜î˜Ï,˜Ğ	p:«8
305#__builtin_strrchr		/^$/;"	c:	p:«8
306#strpbrk		/^$/;"	c:©î­ãªã­î§·˜î—–˜Ş,Ç,˜ß,˜ì,­Ø˜ö,™š,™›,­6	p:­·­6
307#__builtin_strpbrk		/^$/;"	c:	p:­·­6
308#strstr		/^$/;"	c:©îªã£–®–®¡§·˜î—–˜á,Ç,˜â,˜ì,­8	p:­Í­8
309#__builtin_strstr		/^$/;"	c:	p:­6
31#sys/stat.h		/^$/;"	c:	p:¨
311#index		/^$/;"	c:©î®¬ªã®·§·˜î˜Å,˜Æ	p:­8
312#__builtin_index		/^$/;"	c:	p:­8
313#rindex		/^$/;"	c:©î˜‹ªã£–š–´ã§·˜î˜Ï,˜Ğ	p:®1
314#__builtin_rindex		/^$/;"	c:	p:®1
32#sys/types.h		/^$/;"	c:	p:¨
33#sys/ioctl.h		/^$/;"	c:	p:¨
335#__S_ISTYPE		/^$/;"	c:	p:°Í°Ø°ã°î±‹±–±2
336#S_ISDIR		/^$/;"	c:°5	p:
337#S_ISCHR		/^$/;"	c:°5	p:
338#S_ISBLK		/^$/;"	c:°5	p:
339#S_ISREG		/^$/;"	c:°5	p:
340#S_ISFIFO		/^$/;"	c:°5	p:
341#S_ISLNK		/^$/;"	c:°5	p:
342#S_ISSOCK		/^$/;"	c:°5	p:
343#S_TYPEISMQ		/^$/;"	c:±4	p:
344#__S_TYPEISMQ		/^$/;"	c:	p:±3
345#S_TYPEISSEM		/^$/;"	c:±6	p:
346#__S_TYPEISSEM		/^$/;"	c:	p:±5
347#S_TYPEISSHM		/^$/;"	c:±8	p:
348#__S_TYPEISSHM		/^$/;"	c:	p:±7
36#lndebug		/^$/;"	c:´,œ,µ	p:Û
37#fopen		/^$/;"	c:	p:³,£,Ÿ
372#fstat		/^$/;"	c:´7	p:
373#fstatat		/^$/;"	c:µ0	p:
374#lstat		/^$/;"	c:´9	p:
377#__fxstat		/^$/;"	c:	p:´2
378#__xstat		/^$/;"	c:	p:®3
379#__lxstat		/^$/;"	c:	p:´4
38#fflush		/^$/;"	c:	p:³,É,š, ,›3
380#__fxstatat		/^$/;"	c:	p:´3
381#mknod		/^$/;"	c:µ2	p:
382#__xmknod		/^$/;"	c:	p:µ1
383#mknodat		/^$/;"	c:µ4	p:
384#__xmknodat		/^$/;"	c:	p:µ3
385#stat64		/^$/;"	c:µ6	p:
386#__xstat64		/^$/;"	c:	p:µ5
387#lstat64		/^$/;"	c:µ8	p:
388#__lxstat64		/^$/;"	c:	p:µ7
389#fstat64		/^$/;"	c:¶0	p:
39#isUnsupportedTerm		/^$/;"	c:¸,8	p: 
390#__fxstat64		/^$/;"	c:	p:µ9
391#fstatat64		/^$/;"	c:¶2	p:
392#__fxstatat64		/^$/;"	c:	p:¶1
393#/usr/include/sys/types.h		/^$/;"	c:—Â—Í¸·¸Ø—Ø¹–¹¡¹5	p:
4#linenoise.h		/^$/;"	c:	p:‹¨
40#getenv		/^$/;"	c:	p:¶
404#time.h		/^$/;"	c:	p:¶¬Ë,¥•
407#stddef.h		/^$/;"	c:	p:¶¬
41#enableRawMode		/^$/;"	c:º,»,¼,½	p:š,ğ
411#sys/select.h		/^$/;"	c:	p:¶3
412#sys/sysmacros.h		/^$/;"	c:	p:¶3
415#bits/pthreadtypes.h		/^$/;"	c:	p:¶¬¥•
416#/usr/include/termios.h		/^$/;"	c:—Â—Í¹8	p:
418#bits/termios.h		/^$/;"	c:	p:¹6
42#isatty		/^$/;"	c:	p:¹, 
420#cfgetospeed		/^$/;"	c:º–©î£–½¡¢¬½Â½Í½Ø˜‹¾‹¾–¾¡¢8	p:
421#tcdrain		/^$/;"	c:	p:º0
43#atexit		/^$/;"	c:	p:¹,ª4
44#tcgetattr		/^$/;"	c:	p:¹
45#tcsetattr		/^$/;"	c:	p:¹,¾
452#close		/^$/;"	c:	p:º0
453#pread		/^$/;"	c:—¼,˜î›,›,›Ÿ	p:
455#sleep		/^$/;"	c:	p:º0
456#usleep		/^$/;"	c:	p:º0
457#pause		/^$/;"	c:	p:º0
46#disableRawMode		/^$/;"	c:½	p:š,ğ,ö
460#getlogin		/^$/;"	c:	p:º0
461#fsync		/^$/;"	c:	p:º0
462#gethostid		/^$/;"	c:	p:º0
47#getCursorPosition		/^$/;"	c:À,Á,Ã	p:Ä
472#alloca		/^$/;"	c:­1	p:
48#write		/^$/;"	c:	p:¿,Ä,È,Ú,Û,Ü,ë
49#read		/^$/;"	c:	p:¿,Ë,ë,š
5#completion		/^$/;"	c:6	p:
50#sscanf		/^$/;"	c:	p:¿
51#getColumns		/^$/;"	c:Å,¿,À,Æ,Ç	p:ë
52#ioctl		/^$/;"	c:	p:Ä
53#snprintf		/^$/;"	c:—,—˜	p:Ä,Ë,Ö,Ú,Û
54#strlen		/^$/;"	c:§·˜î˜›,˜œ	p:Ä,Ë,ÍÖ,Ú,Û,å,ë, ,­‹˜,˜£,ç,˜³,˜¸,—,¤,˜Ó,˜Ù,­Í­ã™§,™©
55#linenoiseClearScreen		/^$/;"	c:À	p:ë
56#linenoiseBeep		/^$/;"	c:œ,µ	p:Ë
57#freeCompletions		/^$/;"	c:§	p:Ë
58#completeLine		/^$/;"	c:Ì,É,Ç,Î,Á,Ê,Æ	p:ë
59#completionCallback		/^$/;"	c:	p:Ë
6#linenoiseAddCompletion		/^$/;"	c:Ç,Ğ,Ñ,Ò,§	p:5
60#refreshLine		/^$/;"	c:Û,Ú	p:Ë,Ü,Ş,ß,à,á,å,è,é,ê,ë
62#malloc		/^$/;"	c:	p:Í¢,¦,™§,™©
63#memcpy		/^$/;"	c:§·˜î—ë,—ì	p:ÍÔ,¦,­‹­¡˜,ç,˜´,™§,™©
64#realloc		/^$/;"	c:	p:ÍÔ,ñ
65#abInit		/^$/;"	c:	p:Ú,Û
66#abAppend		/^$/;"	c:Ò,Ñ	p:Ö,Ú,Û
67#abFree		/^$/;"	c:§	p:Ú,Û
68#refreshShowHints		/^$/;"	c:×,Ç,Æ,Ô,Ù	p:Ú,Û
69#hintsCallback		/^$/;"	c:	p:Ö
7#hints		/^$/;"	c:8	p:
70#freeHintsCallback		/^$/;"	c:	p:Ö
71#refreshSingleLine		/^$/;"	c:Ç,Ó,Æ,Ô,Ö,À,Õ	p:Î
72#refreshMultiLine		/^$/;"	c:Ç,Ó,³,Æ,Ô,Ö,À,Õ	p:Î
73#linenoiseEditInsert		/^$/;"	c:À,Î,İ	p:ë
74#memmove		/^$/;"	c:—ñ,™­,—¼	p:Ü,è,é,ê,š,¢
75#linenoiseEditMoveLeft		/^$/;"	c:Î	p:ë
76#linenoiseEditMoveRight		/^$/;"	c:Î	p:ë
77#linenoiseEditMoveHome		/^$/;"	c:Î	p:ë
78#linenoiseEditMoveEnd		/^$/;"	c:Î	p:ë
8#strcasecmp		/^$/;"	c:	p:Ø¶
801#errno		/^$/;"	c:ä2	p:
802#__errno_location		/^$/;"	c:	p:ä1
81#linenoiseEditHistoryNext		/^$/;"	c:§,æ,ç,Ç,Î	p:ë
82#strdup		/^$/;"	c:™§	p:å, ,¢
83#strncpy		/^$/;"	c:§·˜îÇ,Ñ,˜­,˜®,™,ç,™µ,—˜	p:å,ç
84#linenoiseEditDelete		/^$/;"	c:İ,Î	p:ë
85#linenoiseEditBackspace		/^$/;"	c:İ,Î	p:ë
86#linenoiseEditDeletePrevWord		/^$/;"	c:İ,Î	p:ë
87#linenoiseEdit		/^$/;"	c:Ç,Ä,¢,À,Á,Ë,§,á,Î,é,è,Ş,ß,å,à,Ü,È,ê	p:ğ
88#memset		/^$/;"	c:§·˜î—ö,—÷,—ø,ì,˜Œ,˜í,˜ï,™¯,™°,—¼	p:š,¢,¦,ì,—ø,˜Œ,˜¯,˜°,˜±
89#memcmp		/^$/;"	c:	p:š,—
9#main		/^$/;"	c:—,˜,™,š,›,œ,,,Ÿ, ,¢,£,¤,¥,¦,§	p:
90#isprint		/^$/;"	c:˜1	p:š
91#linenoiseRaw		/^$/;"	c:¹,ë,¾,™	p: 
92#linenoiseNoTTY		/^$/;"	c:Ò,§,ò	p: 
93#fgetc		/^$/;"	c:	p:ñ,›3
94#fgets		/^$/;"	c:	p: ,Ÿ
95#linenoiseFree		/^$/;"	c:§	p:
96#freeHistory		/^$/;"	c:§	p:ö
967#__cleanup_fct_attribute		/^$/;"	c:˜‹õ8	p:
968#__regparm__		/^$/;"	c:	p:õ7
97#linenoiseAtExit		/^$/;"	c:¾,õ	p:
98#umask		/^$/;"	c:	p:£
99#chmod		/^$/;"	c:	p:£
999#_IO_getc_unlocked		/^$/;"	c:³,µ	p:¤¡¤‹¤–—“,—Ã
